<?xml version="1.0" encoding="UTF-8"?>
<testsuite xmlns:xsi="http://www.w3.org/2001/XMLSchema-instance" xsi:noNamespaceSchemaLocation="https://maven.apache.org/surefire/maven-surefire-plugin/xsd/surefire-test-report.xsd" name="com.testcase.TestDynamic" time="0.026" tests="2" errors="0" skipped="0" failures="0">
  <properties>
    <property name="java.specification.version" value="14"/>
    <property name="sun.jnu.encoding" value="UTF-8"/>
    <property name="java.class.path" value="/Users/wecash/IdeaProjects/Junit5DemoTest/target/test-classes:/Users/wecash/IdeaProjects/Junit5DemoTest/target/classes:/usr/local/apache-maven-3.6.3/repository/org/junit/jupiter/junit-jupiter/5.6.2/junit-jupiter-5.6.2.jar:/usr/local/apache-maven-3.6.3/repository/org/junit/jupiter/junit-jupiter-api/5.6.2/junit-jupiter-api-5.6.2.jar:/usr/local/apache-maven-3.6.3/repository/org/apiguardian/apiguardian-api/1.1.0/apiguardian-api-1.1.0.jar:/usr/local/apache-maven-3.6.3/repository/org/opentest4j/opentest4j/1.2.0/opentest4j-1.2.0.jar:/usr/local/apache-maven-3.6.3/repository/org/junit/platform/junit-platform-commons/1.6.2/junit-platform-commons-1.6.2.jar:/usr/local/apache-maven-3.6.3/repository/org/junit/jupiter/junit-jupiter-params/5.6.2/junit-jupiter-params-5.6.2.jar:/usr/local/apache-maven-3.6.3/repository/org/junit/jupiter/junit-jupiter-engine/5.6.2/junit-jupiter-engine-5.6.2.jar:/usr/local/apache-maven-3.6.3/repository/org/junit/platform/junit-platform-engine/1.6.2/junit-platform-engine-1.6.2.jar:/usr/local/apache-maven-3.6.3/repository/io/qameta/allure/allure-junit5/2.13.5/allure-junit5-2.13.5.jar:/usr/local/apache-maven-3.6.3/repository/io/qameta/allure/allure-junit-platform/2.13.5/allure-junit-platform-2.13.5.jar:/usr/local/apache-maven-3.6.3/repository/io/qameta/allure/allure-java-commons/2.13.5/allure-java-commons-2.13.5.jar:/usr/local/apache-maven-3.6.3/repository/io/qameta/allure/allure-model/2.13.5/allure-model-2.13.5.jar:/usr/local/apache-maven-3.6.3/repository/org/slf4j/slf4j-api/1.7.30/slf4j-api-1.7.30.jar:/usr/local/apache-maven-3.6.3/repository/com/fasterxml/jackson/core/jackson-databind/2.9.8/jackson-databind-2.9.8.jar:/usr/local/apache-maven-3.6.3/repository/com/fasterxml/jackson/core/jackson-annotations/2.9.0/jackson-annotations-2.9.0.jar:/usr/local/apache-maven-3.6.3/repository/com/fasterxml/jackson/core/jackson-core/2.9.8/jackson-core-2.9.8.jar:/usr/local/apache-maven-3.6.3/repository/org/apache/tika/tika-core/1.20/tika-core-1.20.jar:/usr/local/apache-maven-3.6.3/repository/org/jooq/joor-java-8/0.9.10/joor-java-8-0.9.10.jar:/usr/local/apache-maven-3.6.3/repository/org/junit/platform/junit-platform-launcher/1.5.2/junit-platform-launcher-1.5.2.jar:"/>
    <property name="java.vm.vendor" value="Oracle Corporation"/>
    <property name="sun.arch.data.model" value="64"/>
    <property name="java.vendor.url" value="https://java.oracle.com/"/>
    <property name="user.timezone" value="Asia/Shanghai"/>
    <property name="os.name" value="Mac OS X"/>
    <property name="java.vm.specification.version" value="14"/>
    <property name="sun.java.launcher" value="SUN_STANDARD"/>
    <property name="user.country" value="CN"/>
    <property name="sun.boot.library.path" value="/Library/Java/JavaVirtualMachines/jdk-14.0.1.jdk/Contents/Home/lib"/>
    <property name="sun.java.command" value="/Users/wecash/IdeaProjects/Junit5DemoTest/target/surefire/surefirebooter6453799509275741762.jar /Users/wecash/IdeaProjects/Junit5DemoTest/target/surefire 2020-07-14T23-49-14_060-jvmRun1 surefire4643822327501928782tmp surefire_015787920208525106648tmp"/>
    <property name="jdk.debug" value="release"/>
    <property name="surefire.test.class.path" value="/Users/wecash/IdeaProjects/Junit5DemoTest/target/test-classes:/Users/wecash/IdeaProjects/Junit5DemoTest/target/classes:/usr/local/apache-maven-3.6.3/repository/org/junit/jupiter/junit-jupiter/5.6.2/junit-jupiter-5.6.2.jar:/usr/local/apache-maven-3.6.3/repository/org/junit/jupiter/junit-jupiter-api/5.6.2/junit-jupiter-api-5.6.2.jar:/usr/local/apache-maven-3.6.3/repository/org/apiguardian/apiguardian-api/1.1.0/apiguardian-api-1.1.0.jar:/usr/local/apache-maven-3.6.3/repository/org/opentest4j/opentest4j/1.2.0/opentest4j-1.2.0.jar:/usr/local/apache-maven-3.6.3/repository/org/junit/platform/junit-platform-commons/1.6.2/junit-platform-commons-1.6.2.jar:/usr/local/apache-maven-3.6.3/repository/org/junit/jupiter/junit-jupiter-params/5.6.2/junit-jupiter-params-5.6.2.jar:/usr/local/apache-maven-3.6.3/repository/org/junit/jupiter/junit-jupiter-engine/5.6.2/junit-jupiter-engine-5.6.2.jar:/usr/local/apache-maven-3.6.3/repository/org/junit/platform/junit-platform-engine/1.6.2/junit-platform-engine-1.6.2.jar:/usr/local/apache-maven-3.6.3/repository/io/qameta/allure/allure-junit5/2.13.5/allure-junit5-2.13.5.jar:/usr/local/apache-maven-3.6.3/repository/io/qameta/allure/allure-junit-platform/2.13.5/allure-junit-platform-2.13.5.jar:/usr/local/apache-maven-3.6.3/repository/io/qameta/allure/allure-java-commons/2.13.5/allure-java-commons-2.13.5.jar:/usr/local/apache-maven-3.6.3/repository/io/qameta/allure/allure-model/2.13.5/allure-model-2.13.5.jar:/usr/local/apache-maven-3.6.3/repository/org/slf4j/slf4j-api/1.7.30/slf4j-api-1.7.30.jar:/usr/local/apache-maven-3.6.3/repository/com/fasterxml/jackson/core/jackson-databind/2.9.8/jackson-databind-2.9.8.jar:/usr/local/apache-maven-3.6.3/repository/com/fasterxml/jackson/core/jackson-annotations/2.9.0/jackson-annotations-2.9.0.jar:/usr/local/apache-maven-3.6.3/repository/com/fasterxml/jackson/core/jackson-core/2.9.8/jackson-core-2.9.8.jar:/usr/local/apache-maven-3.6.3/repository/org/apache/tika/tika-core/1.20/tika-core-1.20.jar:/usr/local/apache-maven-3.6.3/repository/org/jooq/joor-java-8/0.9.10/joor-java-8-0.9.10.jar:/usr/local/apache-maven-3.6.3/repository/org/junit/platform/junit-platform-launcher/1.5.2/junit-platform-launcher-1.5.2.jar:"/>
    <property name="sun.cpu.endian" value="little"/>
    <property name="user.home" value="/Users/wecash"/>
    <property name="user.language" value="zh"/>
    <property name="java.specification.vendor" value="Oracle Corporation"/>
    <property name="java.version.date" value="2020-04-14"/>
    <property name="java.home" value="/Library/Java/JavaVirtualMachines/jdk-14.0.1.jdk/Contents/Home"/>
    <property name="file.separator" value="/"/>
    <property name="basedir" value="/Users/wecash/IdeaProjects/Junit5DemoTest"/>
    <property name="java.vm.compressedOopsMode" value="Zero based"/>
    <property name="line.separator" value="&#10;"/>
    <property name="java.vm.specification.vendor" value="Oracle Corporation"/>
    <property name="java.specification.name" value="Java Platform API Specification"/>
    <property name="surefire.real.class.path" value="/Users/wecash/IdeaProjects/Junit5DemoTest/target/surefire/surefirebooter6453799509275741762.jar"/>
    <property name="user.script" value="Hans"/>
    <property name="sun.management.compiler" value="HotSpot 64-Bit Tiered Compilers"/>
    <property name="java.runtime.version" value="14.0.1+7"/>
    <property name="user.name" value="wecash"/>
    <property name="path.separator" value=":"/>
    <property name="os.version" value="10.15.5"/>
    <property name="java.runtime.name" value="Java(TM) SE Runtime Environment"/>
    <property name="file.encoding" value="UTF-8"/>
    <property name="java.vm.name" value="Java HotSpot(TM) 64-Bit Server VM"/>
    <property name="localRepository" value="/usr/local/apache-maven-3.6.3/repository"/>
    <property name="java.vendor.url.bug" value="https://bugreport.java.com/bugreport/"/>
    <property name="java.io.tmpdir" value="/var/folders/xt/mf217gy165sb33x9899h3p780000gn/T/"/>
    <property name="java.version" value="14.0.1"/>
    <property name="user.dir" value="/Users/wecash/IdeaProjects/Junit5DemoTest"/>
    <property name="os.arch" value="x86_64"/>
    <property name="java.vm.specification.name" value="Java Virtual Machine Specification"/>
    <property name="java.library.path" value="/Users/wecash/Library/Java/Extensions:/Library/Java/Extensions:/Network/Library/Java/Extensions:/System/Library/Java/Extensions:/usr/lib/java:."/>
    <property name="junit.jupiter.extensions.autodetection.enabled" value="true"/>
    <property name="java.vm.info" value="mixed mode, sharing"/>
    <property name="java.vendor" value="Oracle Corporation"/>
    <property name="java.vm.version" value="14.0.1+7"/>
    <property name="sun.io.unicode.encoding" value="UnicodeBig"/>
    <property name="java.class.version" value="58.0"/>
  </properties>
  <testcase name="dynamicTestsFromCollection[1]" classname="com.testcase.TestDynamic" time="0.002"/>
  <testcase name="dynamicTestsFromCollection[2]" classname="com.testcase.TestDynamic" time="0.001"/>
</testsuite>