<?xml version="1.0" encoding="UTF-8"?>
<testsuite xmlns:xsi="http://www.w3.org/2001/XMLSchema-instance" xsi:noNamespaceSchemaLocation="https://maven.apache.org/surefire/maven-surefire-plugin/xsd/surefire-test-report.xsd" name="com.testcase.AlertTest" time="10.746" tests="1" errors="0" skipped="0" failures="0">
  <properties>
    <property name="java.specification.version" value="14"/>
    <property name="sun.jnu.encoding" value="UTF-8"/>
    <property name="java.class.path" value="/Users/wecash/test-development/seleniumTest/target/test-classes:/Users/wecash/test-development/seleniumTest/target/classes:/usr/local/apache-maven-3.6.3/repository/org/junit/jupiter/junit-jupiter/5.6.2/junit-jupiter-5.6.2.jar:/usr/local/apache-maven-3.6.3/repository/org/junit/jupiter/junit-jupiter-api/5.6.2/junit-jupiter-api-5.6.2.jar:/usr/local/apache-maven-3.6.3/repository/org/opentest4j/opentest4j/1.2.0/opentest4j-1.2.0.jar:/usr/local/apache-maven-3.6.3/repository/org/junit/platform/junit-platform-commons/1.6.2/junit-platform-commons-1.6.2.jar:/usr/local/apache-maven-3.6.3/repository/org/junit/jupiter/junit-jupiter-params/5.6.2/junit-jupiter-params-5.6.2.jar:/usr/local/apache-maven-3.6.3/repository/org/junit/jupiter/junit-jupiter-engine/5.6.2/junit-jupiter-engine-5.6.2.jar:/usr/local/apache-maven-3.6.3/repository/org/junit/platform/junit-platform-engine/1.6.2/junit-platform-engine-1.6.2.jar:/usr/local/apache-maven-3.6.3/repository/org/junit/platform/junit-platform-runner/1.6.2/junit-platform-runner-1.6.2.jar:/usr/local/apache-maven-3.6.3/repository/junit/junit/4.13/junit-4.13.jar:/usr/local/apache-maven-3.6.3/repository/org/hamcrest/hamcrest-core/1.3/hamcrest-core-1.3.jar:/usr/local/apache-maven-3.6.3/repository/org/apiguardian/apiguardian-api/1.1.0/apiguardian-api-1.1.0.jar:/usr/local/apache-maven-3.6.3/repository/org/junit/platform/junit-platform-launcher/1.6.2/junit-platform-launcher-1.6.2.jar:/usr/local/apache-maven-3.6.3/repository/org/junit/platform/junit-platform-suite-api/1.6.2/junit-platform-suite-api-1.6.2.jar:/usr/local/apache-maven-3.6.3/repository/io/qameta/allure/allure-junit5/2.13.5/allure-junit5-2.13.5.jar:/usr/local/apache-maven-3.6.3/repository/io/qameta/allure/allure-junit-platform/2.13.5/allure-junit-platform-2.13.5.jar:/usr/local/apache-maven-3.6.3/repository/io/qameta/allure/allure-java-commons/2.13.5/allure-java-commons-2.13.5.jar:/usr/local/apache-maven-3.6.3/repository/org/jooq/joor-java-8/0.9.10/joor-java-8-0.9.10.jar:/usr/local/apache-maven-3.6.3/repository/io/qameta/allure/allure-commandline/2.13.5/allure-commandline-2.13.5.jar:/usr/local/apache-maven-3.6.3/repository/com/beust/jcommander/1.78/jcommander-1.78.jar:/usr/local/apache-maven-3.6.3/repository/com/fasterxml/jackson/core/jackson-databind/2.9.8/jackson-databind-2.9.8.jar:/usr/local/apache-maven-3.6.3/repository/com/fasterxml/jackson/core/jackson-annotations/2.9.0/jackson-annotations-2.9.0.jar:/usr/local/apache-maven-3.6.3/repository/com/fasterxml/jackson/core/jackson-core/2.9.8/jackson-core-2.9.8.jar:/usr/local/apache-maven-3.6.3/repository/com/fasterxml/jackson/dataformat/jackson-dataformat-yaml/2.9.8/jackson-dataformat-yaml-2.9.8.jar:/usr/local/apache-maven-3.6.3/repository/org/yaml/snakeyaml/1.23/snakeyaml-1.23.jar:/usr/local/apache-maven-3.6.3/repository/commons-io/commons-io/2.6/commons-io-2.6.jar:/usr/local/apache-maven-3.6.3/repository/io/qameta/allure/allure-generator/2.13.5/allure-generator-2.13.5.jar:/usr/local/apache-maven-3.6.3/repository/com/fasterxml/jackson/dataformat/jackson-dataformat-xml/2.9.8/jackson-dataformat-xml-2.9.8.jar:/usr/local/apache-maven-3.6.3/repository/com/fasterxml/jackson/module/jackson-module-jaxb-annotations/2.9.8/jackson-module-jaxb-annotations-2.9.8.jar:/usr/local/apache-maven-3.6.3/repository/org/codehaus/woodstox/stax2-api/3.1.4/stax2-api-3.1.4.jar:/usr/local/apache-maven-3.6.3/repository/com/fasterxml/woodstox/woodstox-core/5.0.3/woodstox-core-5.0.3.jar:/usr/local/apache-maven-3.6.3/repository/io/qameta/allure/allure-model/2.13.0/allure-model-2.13.0.jar:/usr/local/apache-maven-3.6.3/repository/javax/xml/bind/jaxb-api/2.3.1/jaxb-api-2.3.1.jar:/usr/local/apache-maven-3.6.3/repository/javax/activation/javax.activation-api/1.2.0/javax.activation-api-1.2.0.jar:/usr/local/apache-maven-3.6.3/repository/org/allurefw/allure1-model/1.0/allure1-model-1.0.jar:/usr/local/apache-maven-3.6.3/repository/ru/qatools/commons/properties/2.0.RC5/properties-2.0.RC5.jar:/usr/local/apache-maven-3.6.3/repository/com/github/baev/jaxb-utils/1.0/jaxb-utils-1.0.jar:/usr/local/apache-maven-3.6.3/repository/org/apache/tika/tika-core/1.22/tika-core-1.22.jar:/usr/local/apache-maven-3.6.3/repository/org/freemarker/freemarker/2.3.29/freemarker-2.3.29.jar:/usr/local/apache-maven-3.6.3/repository/org/eclipse/jetty/jetty-server/9.4.20.v20190813/jetty-server-9.4.20.v20190813.jar:/usr/local/apache-maven-3.6.3/repository/javax/servlet/javax.servlet-api/3.1.0/javax.servlet-api-3.1.0.jar:/usr/local/apache-maven-3.6.3/repository/org/eclipse/jetty/jetty-http/9.4.20.v20190813/jetty-http-9.4.20.v20190813.jar:/usr/local/apache-maven-3.6.3/repository/org/eclipse/jetty/jetty-util/9.4.20.v20190813/jetty-util-9.4.20.v20190813.jar:/usr/local/apache-maven-3.6.3/repository/org/eclipse/jetty/jetty-io/9.4.20.v20190813/jetty-io-9.4.20.v20190813.jar:/usr/local/apache-maven-3.6.3/repository/org/slf4j/slf4j-log4j12/1.7.28/slf4j-log4j12-1.7.28.jar:/usr/local/apache-maven-3.6.3/repository/org/slf4j/slf4j-api/1.7.28/slf4j-api-1.7.28.jar:/usr/local/apache-maven-3.6.3/repository/log4j/log4j/1.2.17/log4j-1.2.17.jar:/usr/local/apache-maven-3.6.3/repository/org/seleniumhq/selenium/selenium-java/3.14.0/selenium-java-3.14.0.jar:/usr/local/apache-maven-3.6.3/repository/org/seleniumhq/selenium/selenium-api/3.14.0/selenium-api-3.14.0.jar:/usr/local/apache-maven-3.6.3/repository/org/seleniumhq/selenium/selenium-edge-driver/3.14.0/selenium-edge-driver-3.14.0.jar:/usr/local/apache-maven-3.6.3/repository/org/seleniumhq/selenium/selenium-firefox-driver/3.14.0/selenium-firefox-driver-3.14.0.jar:/usr/local/apache-maven-3.6.3/repository/org/seleniumhq/selenium/selenium-ie-driver/3.14.0/selenium-ie-driver-3.14.0.jar:/usr/local/apache-maven-3.6.3/repository/org/seleniumhq/selenium/selenium-opera-driver/3.14.0/selenium-opera-driver-3.14.0.jar:/usr/local/apache-maven-3.6.3/repository/org/seleniumhq/selenium/selenium-remote-driver/3.14.0/selenium-remote-driver-3.14.0.jar:/usr/local/apache-maven-3.6.3/repository/org/seleniumhq/selenium/selenium-safari-driver/3.14.0/selenium-safari-driver-3.14.0.jar:/usr/local/apache-maven-3.6.3/repository/org/seleniumhq/selenium/selenium-support/3.14.0/selenium-support-3.14.0.jar:/usr/local/apache-maven-3.6.3/repository/net/bytebuddy/byte-buddy/1.8.15/byte-buddy-1.8.15.jar:/usr/local/apache-maven-3.6.3/repository/org/apache/commons/commons-exec/1.3/commons-exec-1.3.jar:/usr/local/apache-maven-3.6.3/repository/commons-codec/commons-codec/1.10/commons-codec-1.10.jar:/usr/local/apache-maven-3.6.3/repository/commons-logging/commons-logging/1.2/commons-logging-1.2.jar:/usr/local/apache-maven-3.6.3/repository/com/google/guava/guava/25.0-jre/guava-25.0-jre.jar:/usr/local/apache-maven-3.6.3/repository/com/google/code/findbugs/jsr305/1.3.9/jsr305-1.3.9.jar:/usr/local/apache-maven-3.6.3/repository/org/checkerframework/checker-compat-qual/2.0.0/checker-compat-qual-2.0.0.jar:/usr/local/apache-maven-3.6.3/repository/com/google/errorprone/error_prone_annotations/2.1.3/error_prone_annotations-2.1.3.jar:/usr/local/apache-maven-3.6.3/repository/com/google/j2objc/j2objc-annotations/1.1/j2objc-annotations-1.1.jar:/usr/local/apache-maven-3.6.3/repository/org/codehaus/mojo/animal-sniffer-annotations/1.14/animal-sniffer-annotations-1.14.jar:/usr/local/apache-maven-3.6.3/repository/org/apache/httpcomponents/httpclient/4.5.5/httpclient-4.5.5.jar:/usr/local/apache-maven-3.6.3/repository/org/apache/httpcomponents/httpcore/4.4.9/httpcore-4.4.9.jar:/usr/local/apache-maven-3.6.3/repository/com/squareup/okhttp3/okhttp/3.10.0/okhttp-3.10.0.jar:/usr/local/apache-maven-3.6.3/repository/com/squareup/okio/okio/1.14.1/okio-1.14.1.jar:/usr/local/apache-maven-3.6.3/repository/org/seleniumhq/selenium/selenium-chrome-driver/3.14.0/selenium-chrome-driver-3.14.0.jar:"/>
    <property name="java.vm.vendor" value="Oracle Corporation"/>
    <property name="sun.arch.data.model" value="64"/>
    <property name="java.vendor.url" value="https://java.oracle.com/"/>
    <property name="user.timezone" value="Asia/Shanghai"/>
    <property name="os.name" value="Mac OS X"/>
    <property name="java.vm.specification.version" value="14"/>
    <property name="sun.java.launcher" value="SUN_STANDARD"/>
    <property name="user.country" value="CN"/>
    <property name="sun.boot.library.path" value="/Library/Java/JavaVirtualMachines/jdk-14.0.1.jdk/Contents/Home/lib"/>
    <property name="sun.java.command" value="/Users/wecash/test-development/seleniumTest/target/surefire/surefirebooter4714227293568008001.jar /Users/wecash/test-development/seleniumTest/target/surefire 2020-07-22T16-14-53_384-jvmRun1 surefire466055129935347025tmp surefire_01507520315471895824tmp"/>
    <property name="jdk.debug" value="release"/>
    <property name="surefire.test.class.path" value="/Users/wecash/test-development/seleniumTest/target/test-classes:/Users/wecash/test-development/seleniumTest/target/classes:/usr/local/apache-maven-3.6.3/repository/org/junit/jupiter/junit-jupiter/5.6.2/junit-jupiter-5.6.2.jar:/usr/local/apache-maven-3.6.3/repository/org/junit/jupiter/junit-jupiter-api/5.6.2/junit-jupiter-api-5.6.2.jar:/usr/local/apache-maven-3.6.3/repository/org/opentest4j/opentest4j/1.2.0/opentest4j-1.2.0.jar:/usr/local/apache-maven-3.6.3/repository/org/junit/platform/junit-platform-commons/1.6.2/junit-platform-commons-1.6.2.jar:/usr/local/apache-maven-3.6.3/repository/org/junit/jupiter/junit-jupiter-params/5.6.2/junit-jupiter-params-5.6.2.jar:/usr/local/apache-maven-3.6.3/repository/org/junit/jupiter/junit-jupiter-engine/5.6.2/junit-jupiter-engine-5.6.2.jar:/usr/local/apache-maven-3.6.3/repository/org/junit/platform/junit-platform-engine/1.6.2/junit-platform-engine-1.6.2.jar:/usr/local/apache-maven-3.6.3/repository/org/junit/platform/junit-platform-runner/1.6.2/junit-platform-runner-1.6.2.jar:/usr/local/apache-maven-3.6.3/repository/junit/junit/4.13/junit-4.13.jar:/usr/local/apache-maven-3.6.3/repository/org/hamcrest/hamcrest-core/1.3/hamcrest-core-1.3.jar:/usr/local/apache-maven-3.6.3/repository/org/apiguardian/apiguardian-api/1.1.0/apiguardian-api-1.1.0.jar:/usr/local/apache-maven-3.6.3/repository/org/junit/platform/junit-platform-launcher/1.6.2/junit-platform-launcher-1.6.2.jar:/usr/local/apache-maven-3.6.3/repository/org/junit/platform/junit-platform-suite-api/1.6.2/junit-platform-suite-api-1.6.2.jar:/usr/local/apache-maven-3.6.3/repository/io/qameta/allure/allure-junit5/2.13.5/allure-junit5-2.13.5.jar:/usr/local/apache-maven-3.6.3/repository/io/qameta/allure/allure-junit-platform/2.13.5/allure-junit-platform-2.13.5.jar:/usr/local/apache-maven-3.6.3/repository/io/qameta/allure/allure-java-commons/2.13.5/allure-java-commons-2.13.5.jar:/usr/local/apache-maven-3.6.3/repository/org/jooq/joor-java-8/0.9.10/joor-java-8-0.9.10.jar:/usr/local/apache-maven-3.6.3/repository/io/qameta/allure/allure-commandline/2.13.5/allure-commandline-2.13.5.jar:/usr/local/apache-maven-3.6.3/repository/com/beust/jcommander/1.78/jcommander-1.78.jar:/usr/local/apache-maven-3.6.3/repository/com/fasterxml/jackson/core/jackson-databind/2.9.8/jackson-databind-2.9.8.jar:/usr/local/apache-maven-3.6.3/repository/com/fasterxml/jackson/core/jackson-annotations/2.9.0/jackson-annotations-2.9.0.jar:/usr/local/apache-maven-3.6.3/repository/com/fasterxml/jackson/core/jackson-core/2.9.8/jackson-core-2.9.8.jar:/usr/local/apache-maven-3.6.3/repository/com/fasterxml/jackson/dataformat/jackson-dataformat-yaml/2.9.8/jackson-dataformat-yaml-2.9.8.jar:/usr/local/apache-maven-3.6.3/repository/org/yaml/snakeyaml/1.23/snakeyaml-1.23.jar:/usr/local/apache-maven-3.6.3/repository/commons-io/commons-io/2.6/commons-io-2.6.jar:/usr/local/apache-maven-3.6.3/repository/io/qameta/allure/allure-generator/2.13.5/allure-generator-2.13.5.jar:/usr/local/apache-maven-3.6.3/repository/com/fasterxml/jackson/dataformat/jackson-dataformat-xml/2.9.8/jackson-dataformat-xml-2.9.8.jar:/usr/local/apache-maven-3.6.3/repository/com/fasterxml/jackson/module/jackson-module-jaxb-annotations/2.9.8/jackson-module-jaxb-annotations-2.9.8.jar:/usr/local/apache-maven-3.6.3/repository/org/codehaus/woodstox/stax2-api/3.1.4/stax2-api-3.1.4.jar:/usr/local/apache-maven-3.6.3/repository/com/fasterxml/woodstox/woodstox-core/5.0.3/woodstox-core-5.0.3.jar:/usr/local/apache-maven-3.6.3/repository/io/qameta/allure/allure-model/2.13.0/allure-model-2.13.0.jar:/usr/local/apache-maven-3.6.3/repository/javax/xml/bind/jaxb-api/2.3.1/jaxb-api-2.3.1.jar:/usr/local/apache-maven-3.6.3/repository/javax/activation/javax.activation-api/1.2.0/javax.activation-api-1.2.0.jar:/usr/local/apache-maven-3.6.3/repository/org/allurefw/allure1-model/1.0/allure1-model-1.0.jar:/usr/local/apache-maven-3.6.3/repository/ru/qatools/commons/properties/2.0.RC5/properties-2.0.RC5.jar:/usr/local/apache-maven-3.6.3/repository/com/github/baev/jaxb-utils/1.0/jaxb-utils-1.0.jar:/usr/local/apache-maven-3.6.3/repository/org/apache/tika/tika-core/1.22/tika-core-1.22.jar:/usr/local/apache-maven-3.6.3/repository/org/freemarker/freemarker/2.3.29/freemarker-2.3.29.jar:/usr/local/apache-maven-3.6.3/repository/org/eclipse/jetty/jetty-server/9.4.20.v20190813/jetty-server-9.4.20.v20190813.jar:/usr/local/apache-maven-3.6.3/repository/javax/servlet/javax.servlet-api/3.1.0/javax.servlet-api-3.1.0.jar:/usr/local/apache-maven-3.6.3/repository/org/eclipse/jetty/jetty-http/9.4.20.v20190813/jetty-http-9.4.20.v20190813.jar:/usr/local/apache-maven-3.6.3/repository/org/eclipse/jetty/jetty-util/9.4.20.v20190813/jetty-util-9.4.20.v20190813.jar:/usr/local/apache-maven-3.6.3/repository/org/eclipse/jetty/jetty-io/9.4.20.v20190813/jetty-io-9.4.20.v20190813.jar:/usr/local/apache-maven-3.6.3/repository/org/slf4j/slf4j-log4j12/1.7.28/slf4j-log4j12-1.7.28.jar:/usr/local/apache-maven-3.6.3/repository/org/slf4j/slf4j-api/1.7.28/slf4j-api-1.7.28.jar:/usr/local/apache-maven-3.6.3/repository/log4j/log4j/1.2.17/log4j-1.2.17.jar:/usr/local/apache-maven-3.6.3/repository/org/seleniumhq/selenium/selenium-java/3.14.0/selenium-java-3.14.0.jar:/usr/local/apache-maven-3.6.3/repository/org/seleniumhq/selenium/selenium-api/3.14.0/selenium-api-3.14.0.jar:/usr/local/apache-maven-3.6.3/repository/org/seleniumhq/selenium/selenium-edge-driver/3.14.0/selenium-edge-driver-3.14.0.jar:/usr/local/apache-maven-3.6.3/repository/org/seleniumhq/selenium/selenium-firefox-driver/3.14.0/selenium-firefox-driver-3.14.0.jar:/usr/local/apache-maven-3.6.3/repository/org/seleniumhq/selenium/selenium-ie-driver/3.14.0/selenium-ie-driver-3.14.0.jar:/usr/local/apache-maven-3.6.3/repository/org/seleniumhq/selenium/selenium-opera-driver/3.14.0/selenium-opera-driver-3.14.0.jar:/usr/local/apache-maven-3.6.3/repository/org/seleniumhq/selenium/selenium-remote-driver/3.14.0/selenium-remote-driver-3.14.0.jar:/usr/local/apache-maven-3.6.3/repository/org/seleniumhq/selenium/selenium-safari-driver/3.14.0/selenium-safari-driver-3.14.0.jar:/usr/local/apache-maven-3.6.3/repository/org/seleniumhq/selenium/selenium-support/3.14.0/selenium-support-3.14.0.jar:/usr/local/apache-maven-3.6.3/repository/net/bytebuddy/byte-buddy/1.8.15/byte-buddy-1.8.15.jar:/usr/local/apache-maven-3.6.3/repository/org/apache/commons/commons-exec/1.3/commons-exec-1.3.jar:/usr/local/apache-maven-3.6.3/repository/commons-codec/commons-codec/1.10/commons-codec-1.10.jar:/usr/local/apache-maven-3.6.3/repository/commons-logging/commons-logging/1.2/commons-logging-1.2.jar:/usr/local/apache-maven-3.6.3/repository/com/google/guava/guava/25.0-jre/guava-25.0-jre.jar:/usr/local/apache-maven-3.6.3/repository/com/google/code/findbugs/jsr305/1.3.9/jsr305-1.3.9.jar:/usr/local/apache-maven-3.6.3/repository/org/checkerframework/checker-compat-qual/2.0.0/checker-compat-qual-2.0.0.jar:/usr/local/apache-maven-3.6.3/repository/com/google/errorprone/error_prone_annotations/2.1.3/error_prone_annotations-2.1.3.jar:/usr/local/apache-maven-3.6.3/repository/com/google/j2objc/j2objc-annotations/1.1/j2objc-annotations-1.1.jar:/usr/local/apache-maven-3.6.3/repository/org/codehaus/mojo/animal-sniffer-annotations/1.14/animal-sniffer-annotations-1.14.jar:/usr/local/apache-maven-3.6.3/repository/org/apache/httpcomponents/httpclient/4.5.5/httpclient-4.5.5.jar:/usr/local/apache-maven-3.6.3/repository/org/apache/httpcomponents/httpcore/4.4.9/httpcore-4.4.9.jar:/usr/local/apache-maven-3.6.3/repository/com/squareup/okhttp3/okhttp/3.10.0/okhttp-3.10.0.jar:/usr/local/apache-maven-3.6.3/repository/com/squareup/okio/okio/1.14.1/okio-1.14.1.jar:/usr/local/apache-maven-3.6.3/repository/org/seleniumhq/selenium/selenium-chrome-driver/3.14.0/selenium-chrome-driver-3.14.0.jar:"/>
    <property name="sun.cpu.endian" value="little"/>
    <property name="user.home" value="/Users/wecash"/>
    <property name="user.language" value="zh"/>
    <property name="java.specification.vendor" value="Oracle Corporation"/>
    <property name="java.version.date" value="2020-04-14"/>
    <property name="java.home" value="/Library/Java/JavaVirtualMachines/jdk-14.0.1.jdk/Contents/Home"/>
    <property name="file.separator" value="/"/>
    <property name="basedir" value="/Users/wecash/test-development/seleniumTest"/>
    <property name="java.vm.compressedOopsMode" value="Zero based"/>
    <property name="line.separator" value="&#10;"/>
    <property name="java.vm.specification.vendor" value="Oracle Corporation"/>
    <property name="java.specification.name" value="Java Platform API Specification"/>
    <property name="surefire.real.class.path" value="/Users/wecash/test-development/seleniumTest/target/surefire/surefirebooter4714227293568008001.jar"/>
    <property name="user.script" value="Hans"/>
    <property name="sun.management.compiler" value="HotSpot 64-Bit Tiered Compilers"/>
    <property name="java.runtime.version" value="14.0.1+7"/>
    <property name="user.name" value="wecash"/>
    <property name="path.separator" value=":"/>
    <property name="os.version" value="10.15.5"/>
    <property name="java.runtime.name" value="Java(TM) SE Runtime Environment"/>
    <property name="file.encoding" value="UTF-8"/>
    <property name="java.vm.name" value="Java HotSpot(TM) 64-Bit Server VM"/>
    <property name="localRepository" value="/usr/local/apache-maven-3.6.3/repository"/>
    <property name="java.vendor.url.bug" value="https://bugreport.java.com/bugreport/"/>
    <property name="java.io.tmpdir" value="/var/folders/xt/mf217gy165sb33x9899h3p780000gn/T/"/>
    <property name="java.version" value="14.0.1"/>
    <property name="user.dir" value="/Users/wecash/test-development/seleniumTest"/>
    <property name="os.arch" value="x86_64"/>
    <property name="java.vm.specification.name" value="Java Virtual Machine Specification"/>
    <property name="java.library.path" value="/Users/wecash/Library/Java/Extensions:/Library/Java/Extensions:/Network/Library/Java/Extensions:/System/Library/Java/Extensions:/usr/lib/java:."/>
    <property name="junit.jupiter.extensions.autodetection.enabled" value="true"/>
    <property name="java.vm.info" value="mixed mode, sharing"/>
    <property name="java.vendor" value="Oracle Corporation"/>
    <property name="java.vm.version" value="14.0.1+7"/>
    <property name="sun.io.unicode.encoding" value="UnicodeBig"/>
    <property name="java.class.version" value="58.0"/>
  </properties>
  <testcase name="alertTest" classname="com.testcase.AlertTest" time="9.553"/>
</testsuite>